<?xml version="1.0" encoding="UTF-8"?>
<!-- Generated by org.testng.reporters.JUnitReportReporter -->
<testsuite hostname="User-PC" name="qafactory.java_pass_test" tests="1" failures="0" timestamp="20 May 2015 20:30:33 GMT" time="9.042" errors="0">
  <testcase name="javaPassTest" time="9.042" classname="qafactory.java_pass_test"/>
</testsuite> <!-- qafactory.java_pass_test -->
